Assembler report for VGA
Thu Dec 04 11:42:02 2014
Quartus II 64-Bit Version 14.0.0 Build 200 06/17/2014 SJ Web Edition


---------------------
; Table of Contents ;
---------------------
  1. Legal Notice
  2. Assembler Summary
  3. Assembler Settings
  4. Assembler Generated Files
  5. Assembler Device Options: C:/Users/Kelvin/Documents/gitimworking/174-repository/ECPE-174-Group-Project/VGA files/Proj File/output_files/VGA.sof
  6. Assembler Messages



----------------
; Legal Notice ;
----------------
Copyright (C) 1991-2014 Altera Corporation. All rights reserved.
Your use of Altera Corporation's design tools, logic functions 
and other software and tools, and its AMPP partner logic 
functions, and any output files from any of the foregoing 
(including device programming or simulation files), and any 
associated documentation or information are expressly subject 
to the terms and conditions of the Altera Program License 
Subscription Agreement, the Altera Quartus II License Agreement,
the Altera MegaCore Function License Agreement, or other 
applicable license agreement, including, without limitation, 
that your use is for the sole purpose of programming logic 
devices manufactured by Altera and sold by Altera or its 
authorized distributors.  Please refer to the applicable 
agreement for further details.



+---------------------------------------------------------------+
; Assembler Summary                                             ;
+-----------------------+---------------------------------------+
; Assembler Status      ; Successful - Thu Dec 04 11:42:02 2014 ;
; Revision Name         ; VGA                                   ;
; Top-level Entity Name ; playGame                              ;
; Family                ; Cyclone IV E                          ;
; Device                ; EP4CE22F17C6                          ;
+-----------------------+---------------------------------------+


+----------------------------------+
; Assembler Settings               ;
+--------+---------+---------------+
; Option ; Setting ; Default Value ;
+--------+---------+---------------+


+-----------------------------------------------------------------------------------------------------------------------+
; Assembler Generated Files                                                                                             ;
+-----------------------------------------------------------------------------------------------------------------------+
; File Name                                                                                                             ;
+-----------------------------------------------------------------------------------------------------------------------+
; C:/Users/Kelvin/Documents/gitimworking/174-repository/ECPE-174-Group-Project/VGA files/Proj File/output_files/VGA.sof ;
+-----------------------------------------------------------------------------------------------------------------------+


+-------------------------------------------------------------------------------------------------------------------------------------------------+
; Assembler Device Options: C:/Users/Kelvin/Documents/gitimworking/174-repository/ECPE-174-Group-Project/VGA files/Proj File/output_files/VGA.sof ;
+----------------+--------------------------------------------------------------------------------------------------------------------------------+
; Option         ; Setting                                                                                                                        ;
+----------------+--------------------------------------------------------------------------------------------------------------------------------+
; Device         ; EP4CE22F17C6                                                                                                                   ;
; JTAG usercode  ; 0x002B7C71                                                                                                                     ;
; Checksum       ; 0x002B7C71                                                                                                                     ;
+----------------+--------------------------------------------------------------------------------------------------------------------------------+


+--------------------+
; Assembler Messages ;
+--------------------+
Info: *******************************************************************
Info: Running Quartus II 64-Bit Assembler
    Info: Version 14.0.0 Build 200 06/17/2014 SJ Web Edition
    Info: Processing started: Thu Dec 04 11:42:00 2014
Info: Command: quartus_asm --read_settings_files=off --write_settings_files=off VGA -c VGA
Info (115031): Writing out detailed assembly data for power analysis
Info (115030): Assembler is generating device programming files
Info: Quartus II 64-Bit Assembler was successful. 0 errors, 0 warnings
    Info: Peak virtual memory: 503 megabytes
    Info: Processing ended: Thu Dec 04 11:42:02 2014
    Info: Elapsed time: 00:00:02
    Info: Total CPU time (on all processors): 00:00:02


