Flow report for VGA
Sat Nov 29 15:19:21 2014
Quartus II 32-bit Version 13.1.0 Build 162 10/23/2013 SJ Web Edition


---------------------
; Table of Contents ;
---------------------
  1. Legal Notice
  2. Flow Summary
  3. Flow Settings
  4. Flow Non-Default Global Settings
  5. Flow Elapsed Time
  6. Flow OS Summary
  7. Flow Log
  8. Flow Messages
  9. Flow Suppressed Messages



----------------
; Legal Notice ;
----------------
Copyright (C) 1991-2013 Altera Corporation
Your use of Altera Corporation's design tools, logic functions 
and other software and tools, and its AMPP partner logic 
functions, and any output files from any of the foregoing 
(including device programming or simulation files), and any 
associated documentation or information are expressly subject 
to the terms and conditions of the Altera Program License 
Subscription Agreement, Altera MegaCore Function License 
Agreement, or other applicable license agreement, including, 
without limitation, that your use is for the sole purpose of 
programming logic devices manufactured by Altera and sold by 
Altera or its authorized distributors.  Please refer to the 
applicable agreement for further details.



+---------------------------------------------------------------------------------+
; Flow Summary                                                                    ;
+------------------------------------+--------------------------------------------+
; Flow Status                        ; Successful - Sat Nov 29 15:19:21 2014      ;
; Quartus II 32-bit Version          ; 13.1.0 Build 162 10/23/2013 SJ Web Edition ;
; Revision Name                      ; VGA                                        ;
; Top-level Entity Name              ; compareCards                               ;
; Family                             ; Cyclone IV E                               ;
; Device                             ; EP4CE22F17C6                               ;
; Timing Models                      ; Final                                      ;
; Total logic elements               ; 85 / 22,320 ( < 1 % )                      ;
;     Total combinational functions  ; 80 / 22,320 ( < 1 % )                      ;
;     Dedicated logic registers      ; 54 / 22,320 ( < 1 % )                      ;
; Total registers                    ; 54                                         ;
; Total pins                         ; 52 / 154 ( 34 % )                          ;
; Total virtual pins                 ; 0                                          ;
; Total memory bits                  ; 0 / 608,256 ( 0 % )                        ;
; Embedded Multiplier 9-bit elements ; 0 / 132 ( 0 % )                            ;
; Total PLLs                         ; 0 / 4 ( 0 % )                              ;
+------------------------------------+--------------------------------------------+


+-----------------------------------------+
; Flow Settings                           ;
+-------------------+---------------------+
; Option            ; Setting             ;
+-------------------+---------------------+
; Start date & time ; 11/29/2014 15:18:57 ;
; Main task         ; Compilation         ;
; Revision Name     ; VGA                 ;
+-------------------+---------------------+


+-----------------------------------------------------------------------------------------------------------------------------+
; Flow Non-Default Global Settings                                                                                            ;
+-------------------------------------+---------------------------------------+---------------+--------------+----------------+
; Assignment Name                     ; Value                                 ; Default Value ; Entity Name  ; Section Id     ;
+-------------------------------------+---------------------------------------+---------------+--------------+----------------+
; COMPILER_SIGNATURE_ID               ; 1095546396186.141730313702456         ; --            ; --           ; --             ;
; EDA_OUTPUT_DATA_FORMAT              ; Vhdl                                  ; --            ; --           ; eda_simulation ;
; EDA_SIMULATION_TOOL                 ; ModelSim-Altera (VHDL)                ; <None>        ; --           ; --             ;
; MAX_CORE_JUNCTION_TEMP              ; 85                                    ; --            ; --           ; --             ;
; MIN_CORE_JUNCTION_TEMP              ; 0                                     ; --            ; --           ; --             ;
; PARTITION_COLOR                     ; 16764057                              ; --            ; compareCards ; Top            ;
; PARTITION_FITTER_PRESERVATION_LEVEL ; PLACEMENT_AND_ROUTING                 ; --            ; compareCards ; Top            ;
; PARTITION_NETLIST_TYPE              ; SOURCE                                ; --            ; compareCards ; Top            ;
; POWER_BOARD_THERMAL_MODEL           ; None (CONSERVATIVE)                   ; --            ; --           ; --             ;
; POWER_PRESET_COOLING_SOLUTION       ; 23 MM HEAT SINK WITH 200 LFPM AIRFLOW ; --            ; --           ; --             ;
; PROJECT_OUTPUT_DIRECTORY            ; output_files                          ; --            ; --           ; --             ;
; TOP_LEVEL_ENTITY                    ; compareCards                          ; VGA           ; --           ; --             ;
+-------------------------------------+---------------------------------------+---------------+--------------+----------------+


+-------------------------------------------------------------------------------------------------------------------------------+
; Flow Elapsed Time                                                                                                             ;
+---------------------------+--------------+-------------------------+---------------------+------------------------------------+
; Module Name               ; Elapsed Time ; Average Processors Used ; Peak Virtual Memory ; Total CPU Time (on all processors) ;
+---------------------------+--------------+-------------------------+---------------------+------------------------------------+
; Analysis & Synthesis      ; 00:00:02     ; 1.0                     ; 400 MB              ; 00:00:02                           ;
; Fitter                    ; 00:00:09     ; 1.3                     ; 704 MB              ; 00:00:11                           ;
; Assembler                 ; 00:00:03     ; 1.0                     ; 405 MB              ; 00:00:02                           ;
; TimeQuest Timing Analyzer ; 00:00:03     ; 1.0                     ; 433 MB              ; 00:00:03                           ;
; EDA Netlist Writer        ; 00:00:01     ; 1.0                     ; 342 MB              ; 00:00:01                           ;
; Total                     ; 00:00:18     ; --                      ; --                  ; 00:00:19                           ;
+---------------------------+--------------+-------------------------+---------------------+------------------------------------+


+----------------------------------------------------------------------------------------+
; Flow OS Summary                                                                        ;
+---------------------------+------------------+-----------+------------+----------------+
; Module Name               ; Machine Hostname ; OS Name   ; OS Version ; Processor type ;
+---------------------------+------------------+-----------+------------+----------------+
; Analysis & Synthesis      ; OLYMPUS          ; Windows 7 ; 6.1        ; x86_64         ;
; Fitter                    ; OLYMPUS          ; Windows 7 ; 6.1        ; x86_64         ;
; Assembler                 ; OLYMPUS          ; Windows 7 ; 6.1        ; x86_64         ;
; TimeQuest Timing Analyzer ; OLYMPUS          ; Windows 7 ; 6.1        ; x86_64         ;
; EDA Netlist Writer        ; OLYMPUS          ; Windows 7 ; 6.1        ; x86_64         ;
+---------------------------+------------------+-----------+------------+----------------+


------------
; Flow Log ;
------------
quartus_map --read_settings_files=on --write_settings_files=off VGA -c VGA
quartus_fit --read_settings_files=off --write_settings_files=off VGA -c VGA
quartus_asm --read_settings_files=off --write_settings_files=off VGA -c VGA
quartus_sta VGA -c VGA
quartus_eda --read_settings_files=off --write_settings_files=off VGA -c VGA



